2022-07-01 22:14:37.326  INFO 1846 --- [main] c.example.moviepal.MoviePaLApplication   : Starting MoviePaLApplication using Java 18.0.1.1 on Abdullahs-MacBook-Pro.local with PID 1846 (/Users/abdo/IdeaProjects/MoviePaL/target/classes started by abdo in /Users/abdo/IdeaProjects/MoviePaL)
2022-07-01 22:14:37.330  INFO 1846 --- [main] c.example.moviepal.MoviePaLApplication   : No active profile set, falling back to 1 default profile: "default"
2022-07-01 22:14:37.987  INFO 1846 --- [main] .s.d.r.c.RepositoryConfigurationDelegate : Multiple Spring Data modules found, entering strict repository configuration mode!
2022-07-01 22:14:37.987  INFO 1846 --- [main] .s.d.r.c.RepositoryConfigurationDelegate : Bootstrapping Spring Data JPA repositories in DEFAULT mode.
2022-07-01 22:14:38.051  INFO 1846 --- [main] .s.d.r.c.RepositoryConfigurationDelegate : Finished Spring Data repository scanning in 55 ms. Found 5 JPA repository interfaces.
2022-07-01 22:14:38.067  INFO 1846 --- [main] .s.d.r.c.RepositoryConfigurationDelegate : Multiple Spring Data modules found, entering strict repository configuration mode!
2022-07-01 22:14:38.067  INFO 1846 --- [main] .s.d.r.c.RepositoryConfigurationDelegate : Bootstrapping Spring Data Redis repositories in DEFAULT mode.
2022-07-01 22:14:38.080  INFO 1846 --- [main] .RepositoryConfigurationExtensionSupport : Spring Data Redis - Could not safely identify store assignment for repository candidate interface com.example.moviepal.repository.FavoriteListMovieRepository. If you want this repository to be a Redis repository, consider annotating your entities with one of these annotations: org.springframework.data.redis.core.RedisHash (preferred), or consider extending one of the following types with your repository: org.springframework.data.keyvalue.repository.KeyValueRepository.
2022-07-01 22:14:38.081  INFO 1846 --- [main] .RepositoryConfigurationExtensionSupport : Spring Data Redis - Could not safely identify store assignment for repository candidate interface com.example.moviepal.repository.InvoiceRepository. If you want this repository to be a Redis repository, consider annotating your entities with one of these annotations: org.springframework.data.redis.core.RedisHash (preferred), or consider extending one of the following types with your repository: org.springframework.data.keyvalue.repository.KeyValueRepository.
2022-07-01 22:14:38.081  INFO 1846 --- [main] .RepositoryConfigurationExtensionSupport : Spring Data Redis - Could not safely identify store assignment for repository candidate interface com.example.moviepal.repository.UserRepository. If you want this repository to be a Redis repository, consider annotating your entities with one of these annotations: org.springframework.data.redis.core.RedisHash (preferred), or consider extending one of the following types with your repository: org.springframework.data.keyvalue.repository.KeyValueRepository.
2022-07-01 22:14:38.082  INFO 1846 --- [main] .RepositoryConfigurationExtensionSupport : Spring Data Redis - Could not safely identify store assignment for repository candidate interface com.example.moviepal.repository.WatchedListMovieRepository. If you want this repository to be a Redis repository, consider annotating your entities with one of these annotations: org.springframework.data.redis.core.RedisHash (preferred), or consider extending one of the following types with your repository: org.springframework.data.keyvalue.repository.KeyValueRepository.
2022-07-01 22:14:38.082  INFO 1846 --- [main] .RepositoryConfigurationExtensionSupport : Spring Data Redis - Could not safely identify store assignment for repository candidate interface com.example.moviepal.repository.WishListMovieRepository. If you want this repository to be a Redis repository, consider annotating your entities with one of these annotations: org.springframework.data.redis.core.RedisHash (preferred), or consider extending one of the following types with your repository: org.springframework.data.keyvalue.repository.KeyValueRepository.
2022-07-01 22:14:38.082  INFO 1846 --- [main] .s.d.r.c.RepositoryConfigurationDelegate : Finished Spring Data repository scanning in 6 ms. Found 0 Redis repository interfaces.
2022-07-01 22:14:38.526  INFO 1846 --- [main] o.s.b.w.embedded.tomcat.TomcatWebServer  : Tomcat initialized with port(s): 8080 (http)
2022-07-01 22:14:38.534  INFO 1846 --- [main] o.apache.catalina.core.StandardService   : Starting service [Tomcat]
2022-07-01 22:14:38.535  INFO 1846 --- [main] org.apache.catalina.core.StandardEngine  : Starting Servlet engine: [Apache Tomcat/9.0.63]
2022-07-01 22:14:38.611  INFO 1846 --- [main] o.a.c.c.C.[Tomcat].[localhost].[/]       : Initializing Spring embedded WebApplicationContext
2022-07-01 22:14:38.611  INFO 1846 --- [main] w.s.c.ServletWebServerApplicationContext : Root WebApplicationContext: initialization completed in 1246 ms
2022-07-01 22:14:39.216  INFO 1846 --- [main] o.hibernate.jpa.internal.util.LogHelper  : HHH000204: Processing PersistenceUnitInfo [name: default]
2022-07-01 22:14:39.255  INFO 1846 --- [main] org.hibernate.Version                    : HHH000412: Hibernate ORM core version 5.6.9.Final
2022-07-01 22:14:39.365  INFO 1846 --- [main] o.hibernate.annotations.common.Version   : HCANN000001: Hibernate Commons Annotations {5.1.2.Final}
2022-07-01 22:14:39.425  INFO 1846 --- [main] com.zaxxer.hikari.HikariDataSource       : HikariPool-1 - Starting...
2022-07-01 22:14:41.498  INFO 1846 --- [main] com.zaxxer.hikari.HikariDataSource       : HikariPool-1 - Start completed.
2022-07-01 22:14:41.513  INFO 1846 --- [main] org.hibernate.dialect.Dialect            : HHH000400: Using dialect: org.hibernate.dialect.MySQL8Dialect
2022-07-01 22:14:43.726  INFO 1846 --- [main] o.h.e.t.j.p.i.JtaPlatformInitiator       : HHH000490: Using JtaPlatform implementation: [org.hibernate.engine.transaction.jta.platform.internal.NoJtaPlatform]
2022-07-01 22:14:43.735  INFO 1846 --- [main] j.LocalContainerEntityManagerFactoryBean : Initialized JPA EntityManagerFactory for persistence unit 'default'
2022-07-01 22:14:44.027  WARN 1846 --- [main] JpaBaseConfiguration$JpaWebConfiguration : spring.jpa.open-in-view is enabled by default. Therefore, database queries may be performed during view rendering. Explicitly configure spring.jpa.open-in-view to disable this warning
2022-07-01 22:14:44.262  INFO 1846 --- [main] o.s.s.web.DefaultSecurityFilterChain     : Will secure any request with [org.springframework.security.web.session.DisableEncodeUrlFilter@4d22265c, org.springframework.security.web.context.request.async.WebAsyncManagerIntegrationFilter@1f7b8d59, org.springframework.security.web.context.SecurityContextPersistenceFilter@49ea4b65, org.springframework.security.web.header.HeaderWriterFilter@62ec4146, org.springframework.security.web.authentication.logout.LogoutFilter@159408a7, org.springframework.security.web.authentication.www.BasicAuthenticationFilter@761a0bbd, org.springframework.security.web.savedrequest.RequestCacheAwareFilter@4f3e65f4, org.springframework.security.web.servletapi.SecurityContextHolderAwareRequestFilter@641ab175, org.springframework.security.web.authentication.AnonymousAuthenticationFilter@28551755, org.springframework.security.web.session.SessionManagementFilter@5feb8e9a, org.springframework.security.web.access.ExceptionTranslationFilter@444ebefd, org.springframework.security.web.access.intercept.FilterSecurityInterceptor@14745c3c]
2022-07-01 22:14:44.656  INFO 1846 --- [main] o.s.b.w.embedded.tomcat.TomcatWebServer  : Tomcat started on port(s): 8080 (http) with context path ''
2022-07-01 22:14:44.665  INFO 1846 --- [main] c.example.moviepal.MoviePaLApplication   : Started MoviePaLApplication in 7.6 seconds (JVM running for 8.141)
2022-07-01 22:18:24.934  INFO 1846 --- [http-nio-8080-exec-1] o.a.c.c.C.[Tomcat].[localhost].[/]       : Initializing Spring DispatcherServlet 'dispatcherServlet'
2022-07-01 22:18:24.934  INFO 1846 --- [http-nio-8080-exec-1] o.s.web.servlet.DispatcherServlet        : Initializing Servlet 'dispatcherServlet'
2022-07-01 22:18:24.935  INFO 1846 --- [http-nio-8080-exec-1] o.s.web.servlet.DispatcherServlet        : Completed initialization in 1 ms
2022-07-01 22:19:47.898  INFO 1846 --- [http-nio-8080-exec-3] c.e.m.advice.ControllerAdviseHandler     : handleMethodArgument was triggered
2022-07-01 22:19:55.172  INFO 1846 --- [http-nio-8080-exec-4] c.e.moviepal.controllers.UserController  : Starting addUser in UserController
2022-07-01 22:19:55.173  INFO 1846 --- [http-nio-8080-exec-4] c.e.moviepal.controllers.UserController  : calling adduser to the user service: com.example.moviepal.model.User@6669cafe
2022-07-01 22:19:55.181  INFO 1846 --- [http-nio-8080-exec-4] c.example.moviepal.service.UserService   : Starting addUser from UserService
2022-07-01 22:19:55.261  INFO 1846 --- [http-nio-8080-exec-4] c.example.moviepal.service.UserService   : created a hash password: $2a$10$lfzcF4tFquz7Am4GaN9XIOxKbWlOohSokiQ6qaWL8KkzDKLfT46/e
2022-07-01 22:19:55.262  INFO 1846 --- [http-nio-8080-exec-4] c.example.moviepal.service.UserService   : hash password was set to the user: com.example.moviepal.model.User@6669cafe
2022-07-01 22:20:03.205  INFO 1846 --- [http-nio-8080-exec-6] c.e.m.c.M.MovieListController            : Starting user/wishlist in getWishList
2022-07-01 22:20:03.472  INFO 1846 --- [http-nio-8080-exec-6] c.example.moviepal.service.UserService   : starting findUserIdByName: id is aaaa
2022-07-01 22:20:03.823  INFO 1846 --- [http-nio-8080-exec-6] c.example.moviepal.service.UserService   : userid was found: 24
2022-07-01 22:20:03.836  INFO 1846 --- [http-nio-8080-exec-6] c.e.m.c.M.MovieListController            : User doing the call is: aaaa with id: 24
2022-07-01 22:20:03.837  INFO 1846 --- [http-nio-8080-exec-6] c.example.moviepal.service.UserService   : starting getUserById: user id is 24
2022-07-01 22:20:04.549  INFO 1846 --- [http-nio-8080-exec-6] c.example.moviepal.service.UserService   : starting getUserById: user iscom.example.moviepal.model.User@12596dac
2022-07-01 22:20:04.549  INFO 1846 --- [http-nio-8080-exec-6] c.example.moviepal.service.UserService   : user was found: com.example.moviepal.model.User@12596dac
2022-07-01 22:20:05.399  INFO 1846 --- [http-nio-8080-exec-6] c.e.m.c.M.MovieListController            : User was found: aaaa
2022-07-01 22:20:05.400  INFO 1846 --- [http-nio-8080-exec-6] c.example.moviepal.service.ListsService  : calling getWishListByUserId for a list by user id: 24
2022-07-01 22:20:05.529  INFO 1846 --- [http-nio-8080-exec-6] c.example.moviepal.service.ListsService  : list was NOT found, creating one using the given user
2022-07-01 22:20:05.530  INFO 1846 --- [http-nio-8080-exec-6] c.e.m.advice.ControllerAdviseHandler     : NoMovieListWasFoundException was triggered
2022-07-01 22:20:05.535  INFO 1846 --- [http-nio-8080-exec-7] c.e.m.c.M.MovieListController            : Starting user/wishlist in getWishList
2022-07-01 22:20:05.537  INFO 1846 --- [http-nio-8080-exec-7] c.e.m.c.M.MovieListController            : User doing the call is: aaaa with id: 24
2022-07-01 22:20:05.539  INFO 1846 --- [http-nio-8080-exec-7] c.e.m.c.M.MovieListController            : User was found: aaaa
2022-07-01 22:20:05.539  INFO 1846 --- [http-nio-8080-exec-7] c.example.moviepal.service.ListsService  : calling getWishListByUserId for a list by user id: 24
2022-07-01 22:20:05.644  INFO 1846 --- [http-nio-8080-exec-7] c.example.moviepal.service.ListsService  : list was NOT found, creating one using the given user
2022-07-01 22:20:05.644  INFO 1846 --- [http-nio-8080-exec-7] c.e.m.advice.ControllerAdviseHandler     : NoMovieListWasFoundException was triggered
2022-07-01 22:20:11.177  INFO 1846 --- [http-nio-8080-exec-8] c.e.m.c.M.AddMovieController             : Starting movie/add/name in LookUpMovieController
2022-07-01 22:20:11.177  INFO 1846 --- [http-nio-8080-exec-8] c.e.m.c.M.AddMovieController             : calling movieService.addByName with name
2022-07-01 22:20:11.178  INFO 1846 --- [http-nio-8080-exec-8] c.e.m.c.M.AddMovieController             : User doing the call is: aaaa with id: 24
2022-07-01 22:20:11.179  INFO 1846 --- [http-nio-8080-exec-8] c.e.m.c.M.AddMovieController             : User was found: aaaa
2022-07-01 22:20:11.183  INFO 1846 --- [http-nio-8080-exec-8] c.example.moviepal.service.MovieService  : starting addMovieByNameToWish with name of the movie
2022-07-01 22:20:11.183  INFO 1846 --- [http-nio-8080-exec-8] c.example.moviepal.service.MovieService  : starting findByName in MovieService
2022-07-01 22:20:11.183  INFO 1846 --- [http-nio-8080-exec-8] c.example.moviepal.service.MovieService  : calling movieOMDBapi.findByTitle using the name
2022-07-01 22:20:11.185  INFO 1846 --- [http-nio-8080-exec-8] c.e.m.service.MovieApi.MovieOMDBapi      : Starting findByTitle from MovieOMDBapi
2022-07-01 22:20:11.185  INFO 1846 --- [http-nio-8080-exec-8] c.e.m.service.MovieApi.MovieOMDBapi      : URL was obtained:https://www.omdbapi.com/?apikey=c2f1c494&t=game of thrones
2022-07-01 22:20:11.186  INFO 1846 --- [http-nio-8080-exec-8] c.e.m.service.MovieApi.MovieOMDBapi      : Starting getBodyFromURL
2022-07-01 22:20:12.475  INFO 1846 --- [http-nio-8080-exec-8] c.e.m.service.MovieApi.MovieOMDBapi      : The body from the url was obtained:{"Title":"Game of Thrones","Year":"2011–2019","Rated":"TV-MA","Released":"17 Apr 2011","Runtime":"57 min","Genre":"Action, Adventure, Drama","Director":"N/A","Writer":"David Benioff, D.B. Weiss","Actors":"Emilia Clarke, Peter Dinklage, Kit Harington","Plot":"Nine noble families fight for control over the lands of Westeros, while an ancient enemy returns after being dormant for millennia.","Language":"English","Country":"United States, United Kingdom","Awards":"Won 59 Primetime Emmys. 387 wins & 632 nominations total","Poster":"https://m.media-amazon.com/images/M/MV5BYTRiNDQwYzAtMzVlZS00NTI5LWJjYjUtMzkwNTUzMWMxZTllXkEyXkFqcGdeQXVyNDIzMzcwNjc@._V1_SX300.jpg","Ratings":[{"Source":"Internet Movie Database","Value":"9.2/10"}],"Metascore":"N/A","imdbRating":"9.2","imdbVotes":"1,996,267","imdbID":"tt0944947","Type":"series","totalSeasons":"8","Response":"True"}
2022-07-01 22:20:12.475  INFO 1846 --- [http-nio-8080-exec-8] c.e.m.service.MovieApi.MovieOMDBapi      : Starting getMovieFromSingleJson
2022-07-01 22:20:12.477  INFO 1846 --- [http-nio-8080-exec-8] c.e.m.service.MovieApi.MovieOMDBapi      : returning movie object from getMovieFromSingleJson: 
2022-07-01 22:20:12.483  INFO 1846 --- [http-nio-8080-exec-8] c.e.m.service.MovieApi.MovieOMDBapi      : The movie was mapped with the given json: Movie(id=tt0944947, title=Game of Thrones, year=2011–2019, type=series, poster=https://m.media-amazon.com/images/M/MV5BYTRiNDQwYzAtMzVlZS00NTI5LWJjYjUtMzkwNTUzMWMxZTllXkEyXkFqcGdeQXVyNDIzMzcwNjc@._V1_SX300.jpg, runtime=57 min, imdbRating=9.2)
2022-07-01 22:20:12.483  INFO 1846 --- [http-nio-8080-exec-8] c.e.m.service.MovieApi.MovieOMDBapi      : returning the movie object
2022-07-01 22:20:12.483  INFO 1846 --- [http-nio-8080-exec-8] c.example.moviepal.service.MovieService  : movie was called: Movie(id=tt0944947, title=Game of Thrones, year=2011–2019, type=series, poster=https://m.media-amazon.com/images/M/MV5BYTRiNDQwYzAtMzVlZS00NTI5LWJjYjUtMzkwNTUzMWMxZTllXkEyXkFqcGdeQXVyNDIzMzcwNjc@._V1_SX300.jpg, runtime=57 min, imdbRating=9.2)
2022-07-01 22:20:13.676  INFO 1846 --- [http-nio-8080-exec-9] c.e.m.c.M.MovieListController            : Starting user/wishlist in getWishList
2022-07-01 22:20:13.677  INFO 1846 --- [http-nio-8080-exec-9] c.e.m.c.M.MovieListController            : User doing the call is: aaaa with id: 24
2022-07-01 22:20:13.678  INFO 1846 --- [http-nio-8080-exec-9] c.e.m.c.M.MovieListController            : User was found: aaaa
2022-07-01 22:20:13.678  INFO 1846 --- [http-nio-8080-exec-9] c.example.moviepal.service.ListsService  : calling getWishListByUserId for a list by user id: 24
2022-07-01 22:20:13.797  INFO 1846 --- [http-nio-8080-exec-9] c.example.moviepal.service.ListsService  : list was found and size is: 1
2022-07-01 22:20:13.798  INFO 1846 --- [http-nio-8080-exec-9] c.e.m.service.MovieApi.MovieOMDBapi      : Starting findById from DB
2022-07-01 22:20:13.798  INFO 1846 --- [http-nio-8080-exec-9] c.e.m.service.MovieApi.MovieOMDBapi      : URL was obtained:https://www.omdbapi.com/?apikey=c2f1c494&i=tt0944947
2022-07-01 22:20:13.798  INFO 1846 --- [http-nio-8080-exec-9] c.e.m.service.MovieApi.MovieOMDBapi      : Starting getBodyFromURL
2022-07-01 22:20:14.565  INFO 1846 --- [http-nio-8080-exec-9] c.e.m.service.MovieApi.MovieOMDBapi      : The body from the url was obtained:{"Title":"Game of Thrones","Year":"2011–2019","Rated":"TV-MA","Released":"17 Apr 2011","Runtime":"57 min","Genre":"Action, Adventure, Drama","Director":"N/A","Writer":"David Benioff, D.B. Weiss","Actors":"Emilia Clarke, Peter Dinklage, Kit Harington","Plot":"Nine noble families fight for control over the lands of Westeros, while an ancient enemy returns after being dormant for millennia.","Language":"English","Country":"United States, United Kingdom","Awards":"Won 59 Primetime Emmys. 387 wins & 632 nominations total","Poster":"https://m.media-amazon.com/images/M/MV5BYTRiNDQwYzAtMzVlZS00NTI5LWJjYjUtMzkwNTUzMWMxZTllXkEyXkFqcGdeQXVyNDIzMzcwNjc@._V1_SX300.jpg","Ratings":[{"Source":"Internet Movie Database","Value":"9.2/10"}],"Metascore":"N/A","imdbRating":"9.2","imdbVotes":"1,996,267","imdbID":"tt0944947","Type":"series","totalSeasons":"8","Response":"True"}
2022-07-01 22:20:14.565  INFO 1846 --- [http-nio-8080-exec-9] c.e.m.service.MovieApi.MovieOMDBapi      : Starting getMovieFromSingleJson
2022-07-01 22:20:14.565  INFO 1846 --- [http-nio-8080-exec-9] c.e.m.service.MovieApi.MovieOMDBapi      : returning movie object from getMovieFromSingleJson: 
2022-07-01 22:20:14.566  INFO 1846 --- [http-nio-8080-exec-9] c.e.m.service.MovieApi.MovieOMDBapi      : The movie was mapped with the given json: Movie(id=tt0944947, title=Game of Thrones, year=2011–2019, type=series, poster=https://m.media-amazon.com/images/M/MV5BYTRiNDQwYzAtMzVlZS00NTI5LWJjYjUtMzkwNTUzMWMxZTllXkEyXkFqcGdeQXVyNDIzMzcwNjc@._V1_SX300.jpg, runtime=57 min, imdbRating=9.2)
2022-07-01 22:20:14.566  INFO 1846 --- [http-nio-8080-exec-9] c.e.m.service.MovieApi.MovieOMDBapi      : returning the movie object
2022-07-01 22:20:14.576  INFO 1846 --- [http-nio-8080-exec-1] c.e.m.c.M.MovieListController            : Starting user/wishlist in getWishList
2022-07-01 22:20:14.576  INFO 1846 --- [http-nio-8080-exec-1] c.e.m.c.M.MovieListController            : User doing the call is: aaaa with id: 24
2022-07-01 22:20:14.577  INFO 1846 --- [http-nio-8080-exec-1] c.e.m.c.M.MovieListController            : User was found: aaaa
2022-07-01 22:20:14.577  INFO 1846 --- [http-nio-8080-exec-1] c.example.moviepal.service.ListsService  : calling getWishListByUserId for a list by user id: 24
2022-07-01 22:20:14.824  INFO 1846 --- [http-nio-8080-exec-1] c.example.moviepal.service.ListsService  : list was found and size is: 1
2022-07-01 22:20:16.479  INFO 1846 --- [http-nio-8080-exec-2] c.e.m.c.M.MovieListController            : Starting user/wishlist in getWishList
2022-07-01 22:20:16.480  INFO 1846 --- [http-nio-8080-exec-2] c.e.m.c.M.MovieListController            : User doing the call is: aaaa with id: 24
2022-07-01 22:20:16.481  INFO 1846 --- [http-nio-8080-exec-2] c.e.m.c.M.MovieListController            : User was found: aaaa
2022-07-01 22:20:16.481  INFO 1846 --- [http-nio-8080-exec-2] c.example.moviepal.service.ListsService  : calling getWishListByUserId for a list by user id: 24
2022-07-01 22:20:16.684  INFO 1846 --- [http-nio-8080-exec-2] c.example.moviepal.service.ListsService  : list was found and size is: 1
2022-07-01 22:20:16.690  INFO 1846 --- [http-nio-8080-exec-3] c.e.m.c.M.MovieListController            : Starting user/wishlist in getWishList
2022-07-01 22:20:16.690  INFO 1846 --- [http-nio-8080-exec-3] c.e.m.c.M.MovieListController            : User doing the call is: aaaa with id: 24
2022-07-01 22:20:16.691  INFO 1846 --- [http-nio-8080-exec-3] c.e.m.c.M.MovieListController            : User was found: aaaa
2022-07-01 22:20:16.691  INFO 1846 --- [http-nio-8080-exec-3] c.example.moviepal.service.ListsService  : calling getWishListByUserId for a list by user id: 24
2022-07-01 22:20:16.796  INFO 1846 --- [http-nio-8080-exec-3] c.example.moviepal.service.ListsService  : list was found and size is: 1
2022-07-01 22:23:29.082  INFO 1846 --- [http-nio-8080-exec-6] c.e.m.c.M.MovieListController            : Starting user/wishlist in getWishList
2022-07-01 22:23:29.083  INFO 1846 --- [http-nio-8080-exec-6] c.example.moviepal.service.UserService   : starting findUserIdByName: id is Aking
2022-07-01 22:23:29.299  INFO 1846 --- [http-nio-8080-exec-6] c.example.moviepal.service.UserService   : userid was found: 1
2022-07-01 22:23:29.300  INFO 1846 --- [http-nio-8080-exec-6] c.e.m.c.M.MovieListController            : User doing the call is: Aking with id: 1
2022-07-01 22:23:29.300  INFO 1846 --- [http-nio-8080-exec-6] c.example.moviepal.service.UserService   : starting getUserById: user id is 1
2022-07-01 22:23:29.945  INFO 1846 --- [http-nio-8080-exec-6] c.example.moviepal.service.UserService   : starting getUserById: user iscom.example.moviepal.model.User@66b3c000
2022-07-01 22:23:29.945  INFO 1846 --- [http-nio-8080-exec-6] c.example.moviepal.service.UserService   : user was found: com.example.moviepal.model.User@66b3c000
2022-07-01 22:23:30.475  INFO 1846 --- [http-nio-8080-exec-6] c.e.m.c.M.MovieListController            : User was found: Aking
2022-07-01 22:23:30.475  INFO 1846 --- [http-nio-8080-exec-6] c.example.moviepal.service.ListsService  : calling getWishListByUserId for a list by user id: 1
2022-07-01 22:23:30.583  INFO 1846 --- [http-nio-8080-exec-6] c.example.moviepal.service.ListsService  : list was found and size is: 2
2022-07-01 22:23:30.584  INFO 1846 --- [http-nio-8080-exec-6] c.e.m.service.MovieApi.MovieOMDBapi      : Starting findById from DB
2022-07-01 22:23:30.584  INFO 1846 --- [http-nio-8080-exec-6] c.e.m.service.MovieApi.MovieOMDBapi      : URL was obtained:https://www.omdbapi.com/?apikey=c2f1c494&i=tt2084970
2022-07-01 22:23:30.585  INFO 1846 --- [http-nio-8080-exec-6] c.e.m.service.MovieApi.MovieOMDBapi      : Starting getBodyFromURL
2022-07-01 22:23:31.369  INFO 1846 --- [http-nio-8080-exec-6] c.e.m.service.MovieApi.MovieOMDBapi      : The body from the url was obtained:{"Title":"The Imitation Game","Year":"2014","Rated":"PG-13","Released":"25 Dec 2014","Runtime":"114 min","Genre":"Biography, Drama, Thriller","Director":"Morten Tyldum","Writer":"Graham Moore, Andrew Hodges","Actors":"Benedict Cumberbatch, Keira Knightley, Matthew Goode","Plot":"During World War II, the English mathematical genius Alan Turing tries to crack the German Enigma code with help from fellow mathematicians while attempting to come to terms with his troubled private life.","Language":"English, German","Country":"United Kingdom, United States","Awards":"Won 1 Oscar. 49 wins & 165 nominations total","Poster":"https://m.media-amazon.com/images/M/MV5BOTgwMzFiMWYtZDhlNS00ODNkLWJiODAtZDVhNzgyNzJhYjQ4L2ltYWdlXkEyXkFqcGdeQXVyNzEzOTYxNTQ@._V1_SX300.jpg","Ratings":[{"Source":"Internet Movie Database","Value":"8.0/10"},{"Source":"Rotten Tomatoes","Value":"89%"},{"Source":"Metacritic","Value":"71/100"}],"Metascore":"71","imdbRating":"8.0","imdbVotes":"753,452","imdbID":"tt2084970","Type":"movie","DVD":"31 Mar 2015","BoxOffice":"$91,125,683","Production":"N/A","Website":"N/A","Response":"True"}
2022-07-01 22:23:31.369  INFO 1846 --- [http-nio-8080-exec-6] c.e.m.service.MovieApi.MovieOMDBapi      : Starting getMovieFromSingleJson
2022-07-01 22:23:31.369  INFO 1846 --- [http-nio-8080-exec-6] c.e.m.service.MovieApi.MovieOMDBapi      : returning movie object from getMovieFromSingleJson: 
2022-07-01 22:23:31.371  INFO 1846 --- [http-nio-8080-exec-6] c.e.m.service.MovieApi.MovieOMDBapi      : The movie was mapped with the given json: Movie(id=tt2084970, title=The Imitation Game, year=2014, type=movie, poster=https://m.media-amazon.com/images/M/MV5BOTgwMzFiMWYtZDhlNS00ODNkLWJiODAtZDVhNzgyNzJhYjQ4L2ltYWdlXkEyXkFqcGdeQXVyNzEzOTYxNTQ@._V1_SX300.jpg, runtime=114 min, imdbRating=8.0)
2022-07-01 22:23:31.371  INFO 1846 --- [http-nio-8080-exec-6] c.e.m.service.MovieApi.MovieOMDBapi      : returning the movie object
2022-07-01 22:23:31.377  INFO 1846 --- [http-nio-8080-exec-7] c.e.m.c.M.MovieListController            : Starting user/wishlist in getWishList
2022-07-01 22:23:31.378  INFO 1846 --- [http-nio-8080-exec-7] c.e.m.c.M.MovieListController            : User doing the call is: Aking with id: 1
2022-07-01 22:23:31.379  INFO 1846 --- [http-nio-8080-exec-7] c.e.m.c.M.MovieListController            : User was found: Aking
2022-07-01 22:23:31.379  INFO 1846 --- [http-nio-8080-exec-7] c.example.moviepal.service.ListsService  : calling getWishListByUserId for a list by user id: 1
2022-07-01 22:23:31.487  INFO 1846 --- [http-nio-8080-exec-7] c.example.moviepal.service.ListsService  : list was found and size is: 2
2022-07-01 22:23:44.360  INFO 1846 --- [http-nio-8080-exec-8] c.e.m.c.M.AddMovieController             : Starting movie/add/name in LookUpMovieController
2022-07-01 22:23:44.361  INFO 1846 --- [http-nio-8080-exec-8] c.e.m.c.M.AddMovieController             : calling movieService.addByName with name
2022-07-01 22:23:44.362  INFO 1846 --- [http-nio-8080-exec-8] c.e.m.c.M.AddMovieController             : User doing the call is: Aking with id: 1
2022-07-01 22:23:44.363  INFO 1846 --- [http-nio-8080-exec-8] c.e.m.c.M.AddMovieController             : User was found: Aking
2022-07-01 22:23:44.363  INFO 1846 --- [http-nio-8080-exec-8] c.example.moviepal.service.MovieService  : starting addMovieByNameToWish with name of the movie
2022-07-01 22:23:44.363  INFO 1846 --- [http-nio-8080-exec-8] c.example.moviepal.service.MovieService  : starting findByName in MovieService
2022-07-01 22:23:44.363  INFO 1846 --- [http-nio-8080-exec-8] c.example.moviepal.service.MovieService  : calling movieOMDBapi.findByTitle using the name
2022-07-01 22:23:44.363  INFO 1846 --- [http-nio-8080-exec-8] c.e.m.service.MovieApi.MovieOMDBapi      : Starting findByTitle from MovieOMDBapi
2022-07-01 22:23:44.363  INFO 1846 --- [http-nio-8080-exec-8] c.e.m.service.MovieApi.MovieOMDBapi      : URL was obtained:https://www.omdbapi.com/?apikey=c2f1c494&t=toy story
2022-07-01 22:23:44.363  INFO 1846 --- [http-nio-8080-exec-8] c.e.m.service.MovieApi.MovieOMDBapi      : Starting getBodyFromURL
2022-07-01 22:23:45.214  INFO 1846 --- [http-nio-8080-exec-8] c.e.m.service.MovieApi.MovieOMDBapi      : The body from the url was obtained:{"Title":"Toy Story","Year":"1995","Rated":"G","Released":"22 Nov 1995","Runtime":"81 min","Genre":"Animation, Adventure, Comedy","Director":"John Lasseter","Writer":"John Lasseter, Pete Docter, Andrew Stanton","Actors":"Tom Hanks, Tim Allen, Don Rickles","Plot":"A cowboy doll is profoundly threatened and jealous when a new spaceman figure supplants him as top toy in a boy's room.","Language":"English","Country":"United States","Awards":"Nominated for 3 Oscars. 27 wins & 23 nominations total","Poster":"https://m.media-amazon.com/images/M/MV5BMDU2ZWJlMjktMTRhMy00ZTA5LWEzNDgtYmNmZTEwZTViZWJkXkEyXkFqcGdeQXVyNDQ2OTk4MzI@._V1_SX300.jpg","Ratings":[{"Source":"Internet Movie Database","Value":"8.3/10"},{"Source":"Rotten Tomatoes","Value":"100%"},{"Source":"Metacritic","Value":"95/100"}],"Metascore":"95","imdbRating":"8.3","imdbVotes":"970,075","imdbID":"tt0114709","Type":"movie","DVD":"23 Mar 2010","BoxOffice":"$223,225,679","Production":"N/A","Website":"N/A","Response":"True"}
2022-07-01 22:23:45.214  INFO 1846 --- [http-nio-8080-exec-8] c.e.m.service.MovieApi.MovieOMDBapi      : Starting getMovieFromSingleJson
2022-07-01 22:23:45.214  INFO 1846 --- [http-nio-8080-exec-8] c.e.m.service.MovieApi.MovieOMDBapi      : returning movie object from getMovieFromSingleJson: 
2022-07-01 22:23:45.215  INFO 1846 --- [http-nio-8080-exec-8] c.e.m.service.MovieApi.MovieOMDBapi      : The movie was mapped with the given json: Movie(id=tt0114709, title=Toy Story, year=1995, type=movie, poster=https://m.media-amazon.com/images/M/MV5BMDU2ZWJlMjktMTRhMy00ZTA5LWEzNDgtYmNmZTEwZTViZWJkXkEyXkFqcGdeQXVyNDQ2OTk4MzI@._V1_SX300.jpg, runtime=81 min, imdbRating=8.3)
2022-07-01 22:23:45.215  INFO 1846 --- [http-nio-8080-exec-8] c.e.m.service.MovieApi.MovieOMDBapi      : returning the movie object
2022-07-01 22:23:45.215  INFO 1846 --- [http-nio-8080-exec-8] c.example.moviepal.service.MovieService  : movie was called: Movie(id=tt0114709, title=Toy Story, year=1995, type=movie, poster=https://m.media-amazon.com/images/M/MV5BMDU2ZWJlMjktMTRhMy00ZTA5LWEzNDgtYmNmZTEwZTViZWJkXkEyXkFqcGdeQXVyNDQ2OTk4MzI@._V1_SX300.jpg, runtime=81 min, imdbRating=8.3)
2022-07-01 22:23:46.135  INFO 1846 --- [http-nio-8080-exec-10] c.e.m.c.M.MovieListController            : Starting user/wishlist in getWishList
2022-07-01 22:23:46.137  INFO 1846 --- [http-nio-8080-exec-10] c.e.m.c.M.MovieListController            : User doing the call is: Aking with id: 1
2022-07-01 22:23:46.137  INFO 1846 --- [http-nio-8080-exec-10] c.e.m.c.M.MovieListController            : User was found: Aking
2022-07-01 22:23:46.138  INFO 1846 --- [http-nio-8080-exec-10] c.example.moviepal.service.ListsService  : calling getWishListByUserId for a list by user id: 1
2022-07-01 22:23:46.236  INFO 1846 --- [http-nio-8080-exec-10] c.example.moviepal.service.ListsService  : list was found and size is: 3
2022-07-01 22:23:46.238  INFO 1846 --- [http-nio-8080-exec-10] c.e.m.service.MovieApi.MovieOMDBapi      : Starting findById from DB
2022-07-01 22:23:46.238  INFO 1846 --- [http-nio-8080-exec-10] c.e.m.service.MovieApi.MovieOMDBapi      : URL was obtained:https://www.omdbapi.com/?apikey=c2f1c494&i=tt0114709
2022-07-01 22:23:46.238  INFO 1846 --- [http-nio-8080-exec-10] c.e.m.service.MovieApi.MovieOMDBapi      : Starting getBodyFromURL
2022-07-01 22:23:46.474  INFO 1846 --- [http-nio-8080-exec-10] c.e.m.service.MovieApi.MovieOMDBapi      : The body from the url was obtained:{"Title":"Toy Story","Year":"1995","Rated":"G","Released":"22 Nov 1995","Runtime":"81 min","Genre":"Animation, Adventure, Comedy","Director":"John Lasseter","Writer":"John Lasseter, Pete Docter, Andrew Stanton","Actors":"Tom Hanks, Tim Allen, Don Rickles","Plot":"A cowboy doll is profoundly threatened and jealous when a new spaceman figure supplants him as top toy in a boy's room.","Language":"English","Country":"United States","Awards":"Nominated for 3 Oscars. 27 wins & 23 nominations total","Poster":"https://m.media-amazon.com/images/M/MV5BMDU2ZWJlMjktMTRhMy00ZTA5LWEzNDgtYmNmZTEwZTViZWJkXkEyXkFqcGdeQXVyNDQ2OTk4MzI@._V1_SX300.jpg","Ratings":[{"Source":"Internet Movie Database","Value":"8.3/10"},{"Source":"Rotten Tomatoes","Value":"100%"},{"Source":"Metacritic","Value":"95/100"}],"Metascore":"95","imdbRating":"8.3","imdbVotes":"970,075","imdbID":"tt0114709","Type":"movie","DVD":"23 Mar 2010","BoxOffice":"$223,225,679","Production":"N/A","Website":"N/A","Response":"True"}
2022-07-01 22:23:46.475  INFO 1846 --- [http-nio-8080-exec-10] c.e.m.service.MovieApi.MovieOMDBapi      : Starting getMovieFromSingleJson
2022-07-01 22:23:46.475  INFO 1846 --- [http-nio-8080-exec-10] c.e.m.service.MovieApi.MovieOMDBapi      : returning movie object from getMovieFromSingleJson: 
2022-07-01 22:23:46.476  INFO 1846 --- [http-nio-8080-exec-10] c.e.m.service.MovieApi.MovieOMDBapi      : The movie was mapped with the given json: Movie(id=tt0114709, title=Toy Story, year=1995, type=movie, poster=https://m.media-amazon.com/images/M/MV5BMDU2ZWJlMjktMTRhMy00ZTA5LWEzNDgtYmNmZTEwZTViZWJkXkEyXkFqcGdeQXVyNDQ2OTk4MzI@._V1_SX300.jpg, runtime=81 min, imdbRating=8.3)
2022-07-01 22:23:46.476  INFO 1846 --- [http-nio-8080-exec-10] c.e.m.service.MovieApi.MovieOMDBapi      : returning the movie object
2022-07-01 22:23:46.482  INFO 1846 --- [http-nio-8080-exec-1] c.e.m.c.M.MovieListController            : Starting user/wishlist in getWishList
2022-07-01 22:23:46.483  INFO 1846 --- [http-nio-8080-exec-1] c.e.m.c.M.MovieListController            : User doing the call is: Aking with id: 1
2022-07-01 22:23:46.484  INFO 1846 --- [http-nio-8080-exec-1] c.e.m.c.M.MovieListController            : User was found: Aking
2022-07-01 22:23:46.484  INFO 1846 --- [http-nio-8080-exec-1] c.example.moviepal.service.ListsService  : calling getWishListByUserId for a list by user id: 1
2022-07-01 22:23:46.591  INFO 1846 --- [http-nio-8080-exec-1] c.example.moviepal.service.ListsService  : list was found and size is: 3
2022-07-01 22:23:52.848  INFO 1846 --- [http-nio-8080-exec-2] c.e.m.c.M.AddMovieController             : Starting movie/add/name in LookUpMovieController
2022-07-01 22:23:52.848  INFO 1846 --- [http-nio-8080-exec-2] c.e.m.c.M.AddMovieController             : calling movieService.addByName with name
2022-07-01 22:23:52.849  INFO 1846 --- [http-nio-8080-exec-2] c.e.m.c.M.AddMovieController             : User doing the call is: Aking with id: 1
2022-07-01 22:23:52.850  INFO 1846 --- [http-nio-8080-exec-2] c.e.m.c.M.AddMovieController             : User was found: Aking
2022-07-01 22:23:52.850  INFO 1846 --- [http-nio-8080-exec-2] c.example.moviepal.service.MovieService  : starting addMovieByNameToWish with name of the movie
2022-07-01 22:23:52.850  INFO 1846 --- [http-nio-8080-exec-2] c.example.moviepal.service.MovieService  : starting findByName in MovieService
2022-07-01 22:23:52.850  INFO 1846 --- [http-nio-8080-exec-2] c.example.moviepal.service.MovieService  : calling movieOMDBapi.findByTitle using the name
2022-07-01 22:23:52.850  INFO 1846 --- [http-nio-8080-exec-2] c.e.m.service.MovieApi.MovieOMDBapi      : Starting findByTitle from MovieOMDBapi
2022-07-01 22:23:52.850  INFO 1846 --- [http-nio-8080-exec-2] c.e.m.service.MovieApi.MovieOMDBapi      : URL was obtained:https://www.omdbapi.com/?apikey=c2f1c494&t=toy story 3
2022-07-01 22:23:52.850  INFO 1846 --- [http-nio-8080-exec-2] c.e.m.service.MovieApi.MovieOMDBapi      : Starting getBodyFromURL
2022-07-01 22:23:53.083  INFO 1846 --- [http-nio-8080-exec-2] c.e.m.service.MovieApi.MovieOMDBapi      : The body from the url was obtained:{"Title":"Toy Story 3","Year":"2010","Rated":"G","Released":"18 Jun 2010","Runtime":"103 min","Genre":"Animation, Adventure, Comedy","Director":"Lee Unkrich","Writer":"John Lasseter, Andrew Stanton, Lee Unkrich","Actors":"Tom Hanks, Tim Allen, Joan Cusack","Plot":"The toys are mistakenly delivered to a day-care center instead of the attic right before Andy leaves for college, and it's up to Woody to convince the other toys that they weren't abandoned and to return home.","Language":"English, Spanish","Country":"United States","Awards":"Won 2 Oscars. 61 wins & 96 nominations total","Poster":"https://m.media-amazon.com/images/M/MV5BMTgxOTY4Mjc0MF5BMl5BanBnXkFtZTcwNTA4MDQyMw@@._V1_SX300.jpg","Ratings":[{"Source":"Internet Movie Database","Value":"8.3/10"},{"Source":"Rotten Tomatoes","Value":"98%"},{"Source":"Metacritic","Value":"92/100"}],"Metascore":"92","imdbRating":"8.3","imdbVotes":"818,626","imdbID":"tt0435761","Type":"movie","DVD":"02 Nov 2010","BoxOffice":"$415,004,880","Production":"N/A","Website":"N/A","Response":"True"}
2022-07-01 22:23:53.083  INFO 1846 --- [http-nio-8080-exec-2] c.e.m.service.MovieApi.MovieOMDBapi      : Starting getMovieFromSingleJson
2022-07-01 22:23:53.083  INFO 1846 --- [http-nio-8080-exec-2] c.e.m.service.MovieApi.MovieOMDBapi      : returning movie object from getMovieFromSingleJson: 
2022-07-01 22:23:53.084  INFO 1846 --- [http-nio-8080-exec-2] c.e.m.service.MovieApi.MovieOMDBapi      : The movie was mapped with the given json: Movie(id=tt0435761, title=Toy Story 3, year=2010, type=movie, poster=https://m.media-amazon.com/images/M/MV5BMTgxOTY4Mjc0MF5BMl5BanBnXkFtZTcwNTA4MDQyMw@@._V1_SX300.jpg, runtime=103 min, imdbRating=8.3)
2022-07-01 22:23:53.084  INFO 1846 --- [http-nio-8080-exec-2] c.e.m.service.MovieApi.MovieOMDBapi      : returning the movie object
2022-07-01 22:23:53.084  INFO 1846 --- [http-nio-8080-exec-2] c.example.moviepal.service.MovieService  : movie was called: Movie(id=tt0435761, title=Toy Story 3, year=2010, type=movie, poster=https://m.media-amazon.com/images/M/MV5BMTgxOTY4Mjc0MF5BMl5BanBnXkFtZTcwNTA4MDQyMw@@._V1_SX300.jpg, runtime=103 min, imdbRating=8.3)
2022-07-01 22:23:53.870  INFO 1846 --- [http-nio-8080-exec-3] c.e.m.c.M.MovieListController            : Starting user/wishlist in getWishList
2022-07-01 22:23:53.871  INFO 1846 --- [http-nio-8080-exec-3] c.e.m.c.M.MovieListController            : User doing the call is: Aking with id: 1
2022-07-01 22:23:53.872  INFO 1846 --- [http-nio-8080-exec-3] c.e.m.c.M.MovieListController            : User was found: Aking
2022-07-01 22:23:53.872  INFO 1846 --- [http-nio-8080-exec-3] c.example.moviepal.service.ListsService  : calling getWishListByUserId for a list by user id: 1
2022-07-01 22:23:53.975  INFO 1846 --- [http-nio-8080-exec-3] c.example.moviepal.service.ListsService  : list was found and size is: 4
2022-07-01 22:23:53.978  INFO 1846 --- [http-nio-8080-exec-3] c.e.m.service.MovieApi.MovieOMDBapi      : Starting findById from DB
2022-07-01 22:23:53.978  INFO 1846 --- [http-nio-8080-exec-3] c.e.m.service.MovieApi.MovieOMDBapi      : URL was obtained:https://www.omdbapi.com/?apikey=c2f1c494&i=tt0435761
2022-07-01 22:23:53.978  INFO 1846 --- [http-nio-8080-exec-3] c.e.m.service.MovieApi.MovieOMDBapi      : Starting getBodyFromURL
2022-07-01 22:23:54.779  INFO 1846 --- [http-nio-8080-exec-3] c.e.m.service.MovieApi.MovieOMDBapi      : The body from the url was obtained:{"Title":"Toy Story 3","Year":"2010","Rated":"G","Released":"18 Jun 2010","Runtime":"103 min","Genre":"Animation, Adventure, Comedy","Director":"Lee Unkrich","Writer":"John Lasseter, Andrew Stanton, Lee Unkrich","Actors":"Tom Hanks, Tim Allen, Joan Cusack","Plot":"The toys are mistakenly delivered to a day-care center instead of the attic right before Andy leaves for college, and it's up to Woody to convince the other toys that they weren't abandoned and to return home.","Language":"English, Spanish","Country":"United States","Awards":"Won 2 Oscars. 61 wins & 96 nominations total","Poster":"https://m.media-amazon.com/images/M/MV5BMTgxOTY4Mjc0MF5BMl5BanBnXkFtZTcwNTA4MDQyMw@@._V1_SX300.jpg","Ratings":[{"Source":"Internet Movie Database","Value":"8.3/10"},{"Source":"Rotten Tomatoes","Value":"98%"},{"Source":"Metacritic","Value":"92/100"}],"Metascore":"92","imdbRating":"8.3","imdbVotes":"818,626","imdbID":"tt0435761","Type":"movie","DVD":"02 Nov 2010","BoxOffice":"$415,004,880","Production":"N/A","Website":"N/A","Response":"True"}
2022-07-01 22:23:54.779  INFO 1846 --- [http-nio-8080-exec-3] c.e.m.service.MovieApi.MovieOMDBapi      : Starting getMovieFromSingleJson
2022-07-01 22:23:54.779  INFO 1846 --- [http-nio-8080-exec-3] c.e.m.service.MovieApi.MovieOMDBapi      : returning movie object from getMovieFromSingleJson: 
2022-07-01 22:23:54.780  INFO 1846 --- [http-nio-8080-exec-3] c.e.m.service.MovieApi.MovieOMDBapi      : The movie was mapped with the given json: Movie(id=tt0435761, title=Toy Story 3, year=2010, type=movie, poster=https://m.media-amazon.com/images/M/MV5BMTgxOTY4Mjc0MF5BMl5BanBnXkFtZTcwNTA4MDQyMw@@._V1_SX300.jpg, runtime=103 min, imdbRating=8.3)
2022-07-01 22:23:54.780  INFO 1846 --- [http-nio-8080-exec-3] c.e.m.service.MovieApi.MovieOMDBapi      : returning the movie object
2022-07-01 22:23:54.786  INFO 1846 --- [http-nio-8080-exec-5] c.e.m.c.M.MovieListController            : Starting user/wishlist in getWishList
2022-07-01 22:23:54.787  INFO 1846 --- [http-nio-8080-exec-5] c.e.m.c.M.MovieListController            : User doing the call is: Aking with id: 1
2022-07-01 22:23:54.788  INFO 1846 --- [http-nio-8080-exec-5] c.e.m.c.M.MovieListController            : User was found: Aking
2022-07-01 22:23:54.788  INFO 1846 --- [http-nio-8080-exec-5] c.example.moviepal.service.ListsService  : calling getWishListByUserId for a list by user id: 1
2022-07-01 22:23:55.007  INFO 1846 --- [http-nio-8080-exec-5] c.example.moviepal.service.ListsService  : list was found and size is: 4
2022-07-01 22:25:15.906  INFO 1846 --- [http-nio-8080-exec-6] c.e.m.c.M.MovieListController            : Starting user/wishlist in getWishList
2022-07-01 22:25:15.909  INFO 1846 --- [http-nio-8080-exec-6] c.e.m.c.M.MovieListController            : User doing the call is: Aking with id: 1
2022-07-01 22:25:15.910  INFO 1846 --- [http-nio-8080-exec-6] c.e.m.c.M.MovieListController            : User was found: Aking
2022-07-01 22:25:15.910  INFO 1846 --- [http-nio-8080-exec-6] c.example.moviepal.service.ListsService  : calling getWishListByUserId for a list by user id: 1
2022-07-01 22:25:16.121  INFO 1846 --- [http-nio-8080-exec-6] c.example.moviepal.service.ListsService  : list was found and size is: 4
2022-07-01 22:25:16.128  INFO 1846 --- [http-nio-8080-exec-8] c.e.m.c.M.MovieListController            : Starting user/wishlist in getWishList
2022-07-01 22:25:16.130  INFO 1846 --- [http-nio-8080-exec-8] c.e.m.c.M.MovieListController            : User doing the call is: Aking with id: 1
2022-07-01 22:25:16.130  INFO 1846 --- [http-nio-8080-exec-8] c.e.m.c.M.MovieListController            : User was found: Aking
2022-07-01 22:25:16.130  INFO 1846 --- [http-nio-8080-exec-8] c.example.moviepal.service.ListsService  : calling getWishListByUserId for a list by user id: 1
2022-07-01 22:25:16.228  INFO 1846 --- [http-nio-8080-exec-8] c.example.moviepal.service.ListsService  : list was found and size is: 4
2022-07-01 22:25:24.493  INFO 1846 --- [http-nio-8080-exec-9] c.e.m.c.M.MovieListController            : Starting user/wishlist in getWishList
2022-07-01 22:25:24.494  INFO 1846 --- [http-nio-8080-exec-9] c.e.m.c.M.MovieListController            : User doing the call is: Aking with id: 1
2022-07-01 22:25:24.495  INFO 1846 --- [http-nio-8080-exec-9] c.e.m.c.M.MovieListController            : User was found: Aking
2022-07-01 22:25:24.495  INFO 1846 --- [http-nio-8080-exec-9] c.example.moviepal.service.ListsService  : calling getWishListByUserId for a list by user id: 1
2022-07-01 22:25:24.709  INFO 1846 --- [http-nio-8080-exec-9] c.example.moviepal.service.ListsService  : list was found and size is: 4
2022-07-01 22:25:24.717  INFO 1846 --- [http-nio-8080-exec-10] c.e.m.c.M.MovieListController            : Starting user/wishlist in getWishList
2022-07-01 22:25:24.718  INFO 1846 --- [http-nio-8080-exec-10] c.e.m.c.M.MovieListController            : User doing the call is: Aking with id: 1
2022-07-01 22:25:24.719  INFO 1846 --- [http-nio-8080-exec-10] c.e.m.c.M.MovieListController            : User was found: Aking
2022-07-01 22:25:24.719  INFO 1846 --- [http-nio-8080-exec-10] c.example.moviepal.service.ListsService  : calling getWishListByUserId for a list by user id: 1
2022-07-01 22:25:24.819  INFO 1846 --- [http-nio-8080-exec-10] c.example.moviepal.service.ListsService  : list was found and size is: 4
2022-07-01 22:28:13.001  INFO 1846 --- [http-nio-8080-exec-1] c.e.m.c.M.AddMovieController             : Starting movie/add/name in LookUpMovieController
2022-07-01 22:28:13.002  INFO 1846 --- [http-nio-8080-exec-1] c.e.m.c.M.AddMovieController             : calling movieService.addByName with name
2022-07-01 22:28:13.003  INFO 1846 --- [http-nio-8080-exec-1] c.e.m.c.M.AddMovieController             : User doing the call is: Aking with id: 1
2022-07-01 22:28:13.003  INFO 1846 --- [http-nio-8080-exec-1] c.e.m.c.M.AddMovieController             : User was found: Aking
2022-07-01 22:28:13.003  INFO 1846 --- [http-nio-8080-exec-1] c.example.moviepal.service.MovieService  : starting addMovieByNameToWish with name of the movie
2022-07-01 22:28:13.003  INFO 1846 --- [http-nio-8080-exec-1] c.example.moviepal.service.MovieService  : starting findByName in MovieService
2022-07-01 22:28:13.003  INFO 1846 --- [http-nio-8080-exec-1] c.example.moviepal.service.MovieService  : calling movieOMDBapi.findByTitle using the name
2022-07-01 22:28:13.003  INFO 1846 --- [http-nio-8080-exec-1] c.e.m.service.MovieApi.MovieOMDBapi      : Starting findByTitle from MovieOMDBapi
2022-07-01 22:28:13.003  INFO 1846 --- [http-nio-8080-exec-1] c.e.m.service.MovieApi.MovieOMDBapi      : URL was obtained:https://www.omdbapi.com/?apikey=c2f1c494&t=toy story 3
2022-07-01 22:28:13.003  INFO 1846 --- [http-nio-8080-exec-1] c.e.m.service.MovieApi.MovieOMDBapi      : Starting getBodyFromURL
2022-07-01 22:28:19.654  INFO 1846 --- [http-nio-8080-exec-2] c.e.m.c.M.AddMovieController             : Starting movie/add/name in LookUpMovieController
2022-07-01 22:28:19.654  INFO 1846 --- [http-nio-8080-exec-2] c.e.m.c.M.AddMovieController             : calling movieService.addByName with name
2022-07-01 22:28:19.655  INFO 1846 --- [http-nio-8080-exec-2] c.e.m.c.M.AddMovieController             : User doing the call is: Aking with id: 1
2022-07-01 22:28:19.655  INFO 1846 --- [http-nio-8080-exec-2] c.e.m.c.M.AddMovieController             : User was found: Aking
2022-07-01 22:28:19.656  INFO 1846 --- [http-nio-8080-exec-2] c.example.moviepal.service.MovieService  : starting addMovieByNameToWish with name of the movie
2022-07-01 22:28:19.656  INFO 1846 --- [http-nio-8080-exec-2] c.example.moviepal.service.MovieService  : starting findByName in MovieService
2022-07-01 22:28:19.656  INFO 1846 --- [http-nio-8080-exec-2] c.example.moviepal.service.MovieService  : calling movieOMDBapi.findByTitle using the name
2022-07-01 22:28:19.656  INFO 1846 --- [http-nio-8080-exec-2] c.e.m.service.MovieApi.MovieOMDBapi      : Starting findByTitle from MovieOMDBapi
2022-07-01 22:28:19.656  INFO 1846 --- [http-nio-8080-exec-2] c.e.m.service.MovieApi.MovieOMDBapi      : URL was obtained:https://www.omdbapi.com/?apikey=c2f1c494&t=toy story 2
2022-07-01 22:28:19.656  INFO 1846 --- [http-nio-8080-exec-2] c.e.m.service.MovieApi.MovieOMDBapi      : Starting getBodyFromURL
2022-07-01 22:28:20.081  INFO 1846 --- [http-nio-8080-exec-2] c.e.m.service.MovieApi.MovieOMDBapi      : The body from the url was obtained:{"Title":"Toy Story 2","Year":"1999","Rated":"G","Released":"24 Nov 1999","Runtime":"92 min","Genre":"Animation, Adventure, Comedy","Director":"John Lasseter, Ash Brannon, Lee Unkrich","Writer":"John Lasseter, Pete Docter, Ash Brannon","Actors":"Tom Hanks, Tim Allen, Joan Cusack","Plot":"When Woody is stolen by a toy collector, Buzz and his friends set out on a rescue mission to save Woody before he becomes a museum toy property with his roundup gang Jessie, Prospector, and Bullseye.","Language":"Spanish, English, Arabic, French","Country":"United States","Awards":"Nominated for 1 Oscar. 21 wins & 27 nominations total","Poster":"https://m.media-amazon.com/images/M/MV5BMWM5ZDcxMTYtNTEyNS00MDRkLWI3YTItNThmMGExMWY4NDIwXkEyXkFqcGdeQXVyNjUwNzk3NDc@._V1_SX300.jpg","Ratings":[{"Source":"Internet Movie Database","Value":"7.9/10"},{"Source":"Rotten Tomatoes","Value":"100%"},{"Source":"Metacritic","Value":"88/100"}],"Metascore":"88","imdbRating":"7.9","imdbVotes":"569,882","imdbID":"tt0120363","Type":"movie","DVD":"23 Mar 2010","BoxOffice":"$245,852,179","Production":"N/A","Website":"N/A","Response":"True"}
2022-07-01 22:28:20.081  INFO 1846 --- [http-nio-8080-exec-2] c.e.m.service.MovieApi.MovieOMDBapi      : Starting getMovieFromSingleJson
2022-07-01 22:28:20.081  INFO 1846 --- [http-nio-8080-exec-2] c.e.m.service.MovieApi.MovieOMDBapi      : returning movie object from getMovieFromSingleJson: 
2022-07-01 22:28:20.083  INFO 1846 --- [http-nio-8080-exec-2] c.e.m.service.MovieApi.MovieOMDBapi      : The movie was mapped with the given json: Movie(id=tt0120363, title=Toy Story 2, year=1999, type=movie, poster=https://m.media-amazon.com/images/M/MV5BMWM5ZDcxMTYtNTEyNS00MDRkLWI3YTItNThmMGExMWY4NDIwXkEyXkFqcGdeQXVyNjUwNzk3NDc@._V1_SX300.jpg, runtime=92 min, imdbRating=7.9)
2022-07-01 22:28:20.083  INFO 1846 --- [http-nio-8080-exec-2] c.e.m.service.MovieApi.MovieOMDBapi      : returning the movie object
2022-07-01 22:28:20.083  INFO 1846 --- [http-nio-8080-exec-2] c.example.moviepal.service.MovieService  : movie was called: Movie(id=tt0120363, title=Toy Story 2, year=1999, type=movie, poster=https://m.media-amazon.com/images/M/MV5BMWM5ZDcxMTYtNTEyNS00MDRkLWI3YTItNThmMGExMWY4NDIwXkEyXkFqcGdeQXVyNjUwNzk3NDc@._V1_SX300.jpg, runtime=92 min, imdbRating=7.9)
2022-07-01 22:28:21.204  INFO 1846 --- [http-nio-8080-exec-4] c.e.m.c.M.MovieListController            : Starting user/wishlist in getWishList
2022-07-01 22:28:21.205  INFO 1846 --- [http-nio-8080-exec-4] c.e.m.c.M.MovieListController            : User doing the call is: Aking with id: 1
2022-07-01 22:28:21.205  INFO 1846 --- [http-nio-8080-exec-4] c.e.m.c.M.MovieListController            : User was found: Aking
2022-07-01 22:28:21.205  INFO 1846 --- [http-nio-8080-exec-4] c.example.moviepal.service.ListsService  : calling getWishListByUserId for a list by user id: 1
2022-07-01 22:28:21.315  INFO 1846 --- [http-nio-8080-exec-4] c.example.moviepal.service.ListsService  : list was found and size is: 5
2022-07-01 22:28:21.315  INFO 1846 --- [http-nio-8080-exec-4] c.e.m.service.MovieApi.MovieOMDBapi      : Starting findById from DB
2022-07-01 22:28:21.315  INFO 1846 --- [http-nio-8080-exec-4] c.e.m.service.MovieApi.MovieOMDBapi      : URL was obtained:https://www.omdbapi.com/?apikey=c2f1c494&i=tt0944947
2022-07-01 22:28:21.315  INFO 1846 --- [http-nio-8080-exec-4] c.e.m.service.MovieApi.MovieOMDBapi      : Starting getBodyFromURL
2022-07-01 22:28:21.360  INFO 1846 --- [http-nio-8080-exec-4] c.e.m.service.MovieApi.MovieOMDBapi      : The body from the url was obtained:{"Title":"Game of Thrones","Year":"2011–2019","Rated":"TV-MA","Released":"17 Apr 2011","Runtime":"57 min","Genre":"Action, Adventure, Drama","Director":"N/A","Writer":"David Benioff, D.B. Weiss","Actors":"Emilia Clarke, Peter Dinklage, Kit Harington","Plot":"Nine noble families fight for control over the lands of Westeros, while an ancient enemy returns after being dormant for millennia.","Language":"English","Country":"United States, United Kingdom","Awards":"Won 59 Primetime Emmys. 387 wins & 632 nominations total","Poster":"https://m.media-amazon.com/images/M/MV5BYTRiNDQwYzAtMzVlZS00NTI5LWJjYjUtMzkwNTUzMWMxZTllXkEyXkFqcGdeQXVyNDIzMzcwNjc@._V1_SX300.jpg","Ratings":[{"Source":"Internet Movie Database","Value":"9.2/10"}],"Metascore":"N/A","imdbRating":"9.2","imdbVotes":"1,996,267","imdbID":"tt0944947","Type":"series","totalSeasons":"8","Response":"True"}
2022-07-01 22:28:21.361  INFO 1846 --- [http-nio-8080-exec-4] c.e.m.service.MovieApi.MovieOMDBapi      : Starting getMovieFromSingleJson
2022-07-01 22:28:21.361  INFO 1846 --- [http-nio-8080-exec-4] c.e.m.service.MovieApi.MovieOMDBapi      : returning movie object from getMovieFromSingleJson: 
2022-07-01 22:28:21.362  INFO 1846 --- [http-nio-8080-exec-4] c.e.m.service.MovieApi.MovieOMDBapi      : The movie was mapped with the given json: Movie(id=tt0944947, title=Game of Thrones, year=2011–2019, type=series, poster=https://m.media-amazon.com/images/M/MV5BYTRiNDQwYzAtMzVlZS00NTI5LWJjYjUtMzkwNTUzMWMxZTllXkEyXkFqcGdeQXVyNDIzMzcwNjc@._V1_SX300.jpg, runtime=57 min, imdbRating=9.2)
2022-07-01 22:28:21.362  INFO 1846 --- [http-nio-8080-exec-4] c.e.m.service.MovieApi.MovieOMDBapi      : returning the movie object
2022-07-01 22:28:21.365  INFO 1846 --- [http-nio-8080-exec-4] c.e.m.service.MovieApi.MovieOMDBapi      : Starting findById from DB
2022-07-01 22:28:21.365  INFO 1846 --- [http-nio-8080-exec-4] c.e.m.service.MovieApi.MovieOMDBapi      : URL was obtained:https://www.omdbapi.com/?apikey=c2f1c494&i=tt0120363
2022-07-01 22:28:21.365  INFO 1846 --- [http-nio-8080-exec-4] c.e.m.service.MovieApi.MovieOMDBapi      : Starting getBodyFromURL
2022-07-01 22:28:21.600  INFO 1846 --- [http-nio-8080-exec-4] c.e.m.service.MovieApi.MovieOMDBapi      : The body from the url was obtained:{"Title":"Toy Story 2","Year":"1999","Rated":"G","Released":"24 Nov 1999","Runtime":"92 min","Genre":"Animation, Adventure, Comedy","Director":"John Lasseter, Ash Brannon, Lee Unkrich","Writer":"John Lasseter, Pete Docter, Ash Brannon","Actors":"Tom Hanks, Tim Allen, Joan Cusack","Plot":"When Woody is stolen by a toy collector, Buzz and his friends set out on a rescue mission to save Woody before he becomes a museum toy property with his roundup gang Jessie, Prospector, and Bullseye.","Language":"Spanish, English, Arabic, French","Country":"United States","Awards":"Nominated for 1 Oscar. 21 wins & 27 nominations total","Poster":"https://m.media-amazon.com/images/M/MV5BMWM5ZDcxMTYtNTEyNS00MDRkLWI3YTItNThmMGExMWY4NDIwXkEyXkFqcGdeQXVyNjUwNzk3NDc@._V1_SX300.jpg","Ratings":[{"Source":"Internet Movie Database","Value":"7.9/10"},{"Source":"Rotten Tomatoes","Value":"100%"},{"Source":"Metacritic","Value":"88/100"}],"Metascore":"88","imdbRating":"7.9","imdbVotes":"569,882","imdbID":"tt0120363","Type":"movie","DVD":"23 Mar 2010","BoxOffice":"$245,852,179","Production":"N/A","Website":"N/A","Response":"True"}
2022-07-01 22:28:21.600  INFO 1846 --- [http-nio-8080-exec-4] c.e.m.service.MovieApi.MovieOMDBapi      : Starting getMovieFromSingleJson
2022-07-01 22:28:21.600  INFO 1846 --- [http-nio-8080-exec-4] c.e.m.service.MovieApi.MovieOMDBapi      : returning movie object from getMovieFromSingleJson: 
2022-07-01 22:28:21.601  INFO 1846 --- [http-nio-8080-exec-4] c.e.m.service.MovieApi.MovieOMDBapi      : The movie was mapped with the given json: Movie(id=tt0120363, title=Toy Story 2, year=1999, type=movie, poster=https://m.media-amazon.com/images/M/MV5BMWM5ZDcxMTYtNTEyNS00MDRkLWI3YTItNThmMGExMWY4NDIwXkEyXkFqcGdeQXVyNjUwNzk3NDc@._V1_SX300.jpg, runtime=92 min, imdbRating=7.9)
2022-07-01 22:28:21.601  INFO 1846 --- [http-nio-8080-exec-4] c.e.m.service.MovieApi.MovieOMDBapi      : returning the movie object
2022-07-01 22:28:21.607  INFO 1846 --- [http-nio-8080-exec-5] c.e.m.c.M.MovieListController            : Starting user/wishlist in getWishList
2022-07-01 22:28:21.608  INFO 1846 --- [http-nio-8080-exec-5] c.e.m.c.M.MovieListController            : User doing the call is: Aking with id: 1
2022-07-01 22:28:21.609  INFO 1846 --- [http-nio-8080-exec-5] c.e.m.c.M.MovieListController            : User was found: Aking
2022-07-01 22:28:21.609  INFO 1846 --- [http-nio-8080-exec-5] c.example.moviepal.service.ListsService  : calling getWishListByUserId for a list by user id: 1
2022-07-01 22:28:21.717  INFO 1846 --- [http-nio-8080-exec-5] c.example.moviepal.service.ListsService  : list was found and size is: 5
